#
# A fatal error has been detected by the Java Runtime Environment:
#
#  EXCEPTION_ACCESS_VIOLATION (0xc0000005) at pc=0x000000005101ec8b, pid=6212, tid=0x0000000000002ae8
#
# JRE version: OpenJDK Runtime Environment (8.0_152-b01) (build 1.8.0_152-release-884-b01)
# Java VM: OpenJDK 64-Bit Server VM (25.152-b01 mixed mode windows-amd64 compressed oops)
# Problematic frame:
# V  [jvm.dll+0xeec8b]
#
# Failed to write core dump. Minidumps are not enabled by default on client versions of Windows
#
# If you would like to submit a bug report, please visit:
#   http://bugreport.java.com/bugreport/crash.jsp
#

---------------  T H R E A D  ---------------

Current thread (0x0000000001eef000):  GCTaskThread [stack: 0x0000000002a40000,0x0000000002b40000] [id=10984]

siginfo: ExceptionCode=0xc0000005, reading address 0x0000000000000008

Registers:
RAX=0x0000000003030000, RBX=0x00000000fe2f9988, RCX=0x0000000000000000, RDX=0x0000000000000001
RSP=0x0000000002b3f870, RBP=0x00000000fe2f93ac, RSI=0x0000000000000005, RDI=0x0000000004917c80
R8 =0x0000000000000000, R9 =0x0000000000000005, R10=0x000000000000000c, R11=0x0000000000000b65
R12=0x00000000fe2f93b4, R13=0x000000008007ae40, R14=0x000000008007ae48, R15=0x00000000fe2f9390
RIP=0x000000005101ec8b, EFLAGS=0x0000000000010246

Top of Stack: (sp=0x0000000002b3f870)
0x0000000002b3f870:   00000000fe2f9638 00000000fe2f93a8
0x0000000002b3f880:   0000000000000005 0000000004917c80
0x0000000002b3f890:   0000000000000000 0000000001eef320
0x0000000002b3f8a0:   0000000001eed260 0000128100000b43
0x0000000002b3f8b0:   0000000000000b65 00000000512f3a20
0x0000000002b3f8c0:   0000000004e75b68 0000000000000000
0x0000000002b3f8d0:   0000000004917c80 00000000515436d8
0x0000000002b3f8e0:   0000128000000b43 0000128100000b43
0x0000000002b3f8f0:   00000000516f3950 0000000000000030
0x0000000002b3f900:   0000000000000000 0000139e000004e1
0x0000000002b3f910:   00000000ec3591c8 000000005101ed26
0x0000000002b3f920:   00000000ec582708 0000000001eed260
0x0000000002b3f930:   0000000001eef330 0000000001eef320
0x0000000002b3f940:   00000000515436d8 0000000000000000
0x0000000002b3f950:   000000000c477790 0000000000000000
0x0000000002b3f960:   0000000004917c80 00000000512f139f 

Instructions: (pc=0x000000005101ec8b)
0x000000005101ec6b:   6c 00 84 d2 74 16 44 8b 43 08 8b 0d dd b9 66 00
0x000000005101ec7b:   49 d3 e0 4c 03 05 cb b9 66 00 eb 04 4c 8b 43 08
0x000000005101ec8b:   45 8b 48 08 45 85 c9 7e 0c 41 f6 c1 01 75 4b 41
0x000000005101ec9b:   c1 f9 03 eb 57 79 43 84 d2 41 8b c9 b8 10 00 00 


Register to memory mapping:

RAX=0x0000000003030000 is an unknown value
RBX=0x00000000fe2f9988 is an oop

[error occurred during error reporting (printing register info), id 0xc0000005]

Stack: [0x0000000002a40000,0x0000000002b40000],  sp=0x0000000002b3f870,  free space=1022k
Native frames: (J=compiled Java code, j=interpreted, Vv=VM code, C=native code)
V  [jvm.dll+0xeec8b]
V  [jvm.dll+0x3c3a20]
V  [jvm.dll+0x3c139f]
V  [jvm.dll+0x3be88e]
V  [jvm.dll+0x26d40a]
C  [msvcr100.dll+0x21d9f]
C  [msvcr100.dll+0x21e3b]
C  [kernel32.dll+0x159cd]
C  [ntdll.dll+0x2a561]


---------------  P R O C E S S  ---------------

Java Threads: ( => current thread )
  0x0000000009e57000 JavaThread "Cache worker for Java compile cache (C:\ICHIGO\FIAP\TEST\EasyFitRecipes\.gradle\4.1\javaCompile)" [_thread_blocked, id=18768, stack(0x00000000271b0000,0x00000000272b0000)]
  0x0000000009e55800 JavaThread "Task worker for ':' Thread 3" [_thread_blocked, id=6948, stack(0x000000002acf0000,0x000000002adf0000)]
  0x000000000b021000 JavaThread "Task worker for ':' Thread 2" [_thread_blocked, id=28556, stack(0x000000002ab50000,0x000000002ac50000)]
  0x000000000b01f000 JavaThread "Task worker for ':'" [_thread_blocked, id=28432, stack(0x000000002a5e0000,0x000000002a6e0000)]
  0x000000000b01e000 JavaThread "Cache worker for task history cache (C:\ICHIGO\FIAP\TEST\EasyFitRecipes\.gradle\4.1\taskHistory)" [_thread_blocked, id=18428, stack(0x000000001f780000,0x000000001f880000)]
  0x000000000b01f800 JavaThread "Cache worker for file content cache (C:\ICHIGO\FIAP\TEST\EasyFitRecipes\.gradle\4.1\fileContent)" [_thread_blocked, id=24908, stack(0x0000000027bc0000,0x0000000027cc0000)]
  0x0000000009e52800 JavaThread "build operations Thread 4" [_thread_blocked, id=25048, stack(0x0000000027aa0000,0x0000000027ba0000)]
  0x0000000009e57800 JavaThread "build operations Thread 3" [_thread_blocked, id=28220, stack(0x000000001e010000,0x000000001e110000)]
  0x0000000009e56000 JavaThread "build operations Thread 2" [_thread_blocked, id=28384, stack(0x00000000278d0000,0x00000000279d0000)]
  0x0000000009e59000 JavaThread "build operations" [_thread_blocked, id=19804, stack(0x00000000221a0000,0x00000000222a0000)]
  0x0000000009e4c800 JavaThread "Cache worker for Artifact transforms cache (C:\Users\luana.martinez\.gradle\caches\transforms-1)" [_thread_blocked, id=28456, stack(0x000000000ee60000,0x000000000ef60000)]
  0x0000000009e5a000 JavaThread "Cache worker for file hash cache (C:\ICHIGO\FIAP\TEST\EasyFitRecipes\.gradle\4.1\fileHashes)" [_thread_blocked, id=18604, stack(0x000000000eca0000,0x000000000eda0000)]
  0x00000000080d3000 JavaThread "Stdin handler" [_thread_blocked, id=28140, stack(0x000000000d020000,0x000000000d120000)]
  0x00000000080d4000 JavaThread "Asynchronous log dispatcher for DefaultDaemonConnection: socket connection from /127.0.0.1:56567 to /127.0.0.1:52827" [_thread_blocked, id=28172, stack(0x0000000008b30000,0x0000000008c30000)]
  0x00000000080d8800 JavaThread "Daemon worker Thread 6" [_thread_blocked, id=23180, stack(0x000000000ace0000,0x000000000ade0000)]
  0x00000000080d5800 JavaThread "Cancel handler" [_thread_blocked, id=28472, stack(0x0000000009270000,0x0000000009370000)]
  0x00000000080d4800 JavaThread "Handler for socket connection from /127.0.0.1:56567 to /127.0.0.1:52827" [_thread_in_native, id=28400, stack(0x0000000008c40000,0x0000000008d40000)]
  0x00000000080d9000 JavaThread "Daemon Thread 6" [_thread_blocked, id=23724, stack(0x00000000090c0000,0x00000000091c0000)]
  0x0000000009e51800 JavaThread "Memory manager" [_thread_blocked, id=6052, stack(0x000000001ea70000,0x000000001eb70000)]
  0x0000000008228000 JavaThread "File lock request listener" [_thread_in_native, id=11112, stack(0x00000000099b0000,0x0000000009ab0000)]
  0x0000000007dd1000 JavaThread "Cache worker for file hash cache (C:\Users\luana.martinez\.gradle\caches\4.1\fileHashes)" [_thread_blocked, id=11120, stack(0x00000000095f0000,0x00000000096f0000)]
  0x0000000007b53000 JavaThread "Daemon periodic checks" [_thread_blocked, id=11068, stack(0x00000000089e0000,0x0000000008ae0000)]
  0x0000000007b52800 JavaThread "Incoming local TCP Connector on port 56567" [_thread_in_native, id=11076, stack(0x00000000087c0000,0x00000000088c0000)]
  0x0000000005e8d800 JavaThread "Service Thread" daemon [_thread_blocked, id=11028, stack(0x00000000065d0000,0x00000000066d0000)]
  0x0000000004a2d800 JavaThread "C1 CompilerThread2" daemon [_thread_blocked, id=11000, stack(0x0000000006910000,0x0000000006a10000)]
  0x0000000005e0c800 JavaThread "C2 CompilerThread1" daemon [_thread_blocked, id=11016, stack(0x00000000066e0000,0x00000000067e0000)]
  0x0000000005e05000 JavaThread "C2 CompilerThread0" daemon [_thread_blocked, id=11024, stack(0x00000000064a0000,0x00000000065a0000)]
  0x0000000005e02800 JavaThread "Attach Listener" daemon [_thread_blocked, id=11008, stack(0x0000000006320000,0x0000000006420000)]
  0x0000000004a27800 JavaThread "Signal Dispatcher" daemon [_thread_blocked, id=10996, stack(0x0000000006200000,0x0000000006300000)]
  0x0000000004a0a000 JavaThread "Finalizer" daemon [_thread_blocked, id=11004, stack(0x0000000005d00000,0x0000000005e00000)]
  0x00000000049c3000 JavaThread "Reference Handler" daemon [_thread_blocked, id=9076, stack(0x0000000005980000,0x0000000005a80000)]
  0x000000000046e800 JavaThread "main" [_thread_blocked, id=10972, stack(0x0000000001fb0000,0x00000000020b0000)]

Other Threads:
  0x00000000049bb000 VMThread [stack: 0x0000000005ad0000,0x0000000005bd0000] [id=5640]
  0x0000000005e92800 WatcherThread [stack: 0x00000000067f0000,0x00000000068f0000] [id=11020]

=>0x0000000001eef000 (exited) GCTaskThread [stack: 0x0000000002a40000,0x0000000002b40000] [id=10984]

VM state:at safepoint (normal execution)

VM Mutex/Monitor currently owned by a thread:  ([mutex/lock_event])
[0x0000000001ed8880] Threads_lock - owner thread: 0x00000000049bb000
[0x0000000001ed8d80] Heap_lock - owner thread: 0x000000000b01f000

Heap:
 PSYoungGen      total 157184K, used 8736K [0x00000000f5580000, 0x0000000100000000, 0x0000000100000000)
  eden space 140800K, 0% used [0x00000000f5580000,0x00000000f5580000,0x00000000fdf00000)
  from space 16384K, 53% used [0x00000000fdf00000,0x00000000fe788000,0x00000000fef00000)
  to   space 16384K, 0% used [0x00000000ff000000,0x00000000ff000000,0x0000000100000000)
 ParOldGen       total 212992K, used 205756K [0x00000000e0000000, 0x00000000ed000000, 0x00000000f5580000)
  object space 212992K, 96% used [0x00000000e0000000,0x00000000ec8ef3c0,0x00000000ed000000)
 Metaspace       used 105002K, capacity 112572K, committed 112844K, reserved 1146880K
  class space    used 13163K, capacity 14978K, committed 15104K, reserved 1048576K

Card table byte_map: [0x0000000002740000,0x0000000002850000] byte_map_base: 0x0000000002040000

Marking Bits: (ParMarkBitMap*) 0x00000000516f3950
 Begin Bits: [0x0000000003030000, 0x0000000003830000)
 End Bits:   [0x0000000003830000, 0x0000000004030000)

Polling page: 0x0000000000420000

CodeCache: size=245760Kb used=73542Kb max_used=74263Kb free=172217Kb
 bounds [0x000000000f010000, 0x0000000013910000, 0x000000001e010000]
 total_blobs=20672 nmethods=19791 adapters=791
 compilation: enabled

Compilation events (10 events):
Event: 13519.729 Thread 0x0000000004a2d800 25836       3       com.android.apkzlib.zip.utils.ByteTracker::<init> (5 bytes)
Event: 13519.730 Thread 0x0000000004a2d800 nmethod 25836 0x0000000012391950 code [0x0000000012391aa0, 0x0000000012391c50]
Event: 13519.730 Thread 0x0000000004a2d800 25837       3       com.android.apkzlib.zip.FileUseMap::<init> (88 bytes)
Event: 13519.731 Thread 0x0000000004a2d800 nmethod 25837 0x0000000011476790 code [0x0000000011476a60, 0x0000000011477f08]
Event: 13519.731 Thread 0x0000000004a2d800 25838       3       com.android.apkzlib.zip.ZipFieldInvariantMaxValue::isValid (15 bytes)
Event: 13519.731 Thread 0x0000000004a2d800 nmethod 25838 0x0000000011476350 code [0x00000000114764a0, 0x0000000011476650]
Event: 13519.735 Thread 0x0000000004a2d800 25839       3       com.android.apkzlib.zip.Eocd$$Lambda$764/517136173::get$Lambda (9 bytes)
Event: 13519.736 Thread 0x0000000004a2d800 nmethod 25839 0x0000000012ffbbd0 code [0x0000000012ffbd40, 0x0000000012ffbf90]
Event: 13519.736 Thread 0x0000000004a2d800 25840       3       com.android.apkzlib.zip.Eocd$$Lambda$764/517136173::<init> (10 bytes)
Event: 13519.736 Thread 0x0000000004a2d800 nmethod 25840 0x0000000011503510 code [0x0000000011503660, 0x0000000011503830]

GC Heap History (10 events):
Event: 13515.325 GC heap after
Heap after GC invocations=73 (full 4):
 PSYoungGen      total 156160K, used 2420K [0x00000000f5580000, 0x00000000fff80000, 0x0000000100000000)
  eden space 138752K, 0% used [0x00000000f5580000,0x00000000f5580000,0x00000000fdd00000)
  from space 17408K, 13% used [0x00000000fdd00000,0x00000000fdf5d308,0x00000000fee00000)
  to   space 16896K, 0% used [0x00000000fef00000,0x00000000fef00000,0x00000000fff80000)
 ParOldGen       total 212992K, used 186782K [0x00000000e0000000, 0x00000000ed000000, 0x00000000f5580000)
  object space 212992K, 87% used [0x00000000e0000000,0x00000000eb667b18,0x00000000ed000000)
 Metaspace       used 104897K, capacity 112448K, committed 112460K, reserved 1146880K
  class space    used 13154K, capacity 14964K, committed 14976K, reserved 1048576K
}
Event: 13515.992 GC heap before
{Heap before GC invocations=74 (full 4):
 PSYoungGen      total 156160K, used 141172K [0x00000000f5580000, 0x00000000fff80000, 0x0000000100000000)
  eden space 138752K, 100% used [0x00000000f5580000,0x00000000fdd00000,0x00000000fdd00000)
  from space 17408K, 13% used [0x00000000fdd00000,0x00000000fdf5d308,0x00000000fee00000)
  to   space 16896K, 0% used [0x00000000fef00000,0x00000000fef00000,0x00000000fff80000)
 ParOldGen       total 212992K, used 186782K [0x00000000e0000000, 0x00000000ed000000, 0x00000000f5580000)
  object space 212992K, 87% used [0x00000000e0000000,0x00000000eb667b18,0x00000000ed000000)
 Metaspace       used 104903K, capacity 112448K, committed 112460K, reserved 1146880K
  class space    used 13154K, capacity 14964K, committed 14976K, reserved 1048576K
Event: 13516.017 GC heap after
Heap after GC invocations=74 (full 4):
 PSYoungGen      total 157184K, used 8320K [0x00000000f5580000, 0x00000000fff80000, 0x0000000100000000)
  eden space 140288K, 0% used [0x00000000f5580000,0x00000000f5580000,0x00000000fde80000)
  from space 16896K, 49% used [0x00000000fef00000,0x00000000ff720000,0x00000000fff80000)
  to   space 16896K, 0% used [0x00000000fde80000,0x00000000fde80000,0x00000000fef00000)
 ParOldGen       total 212992K, used 188028K [0x00000000e0000000, 0x00000000ed000000, 0x00000000f5580000)
  object space 212992K, 88% used [0x00000000e0000000,0x00000000eb79f2e0,0x00000000ed000000)
 Metaspace       used 104903K, capacity 112448K, committed 112460K, reserved 1146880K
  class space    used 13154K, capacity 14964K, committed 14976K, reserved 1048576K
}
Event: 13516.634 GC heap before
{Heap before GC invocations=75 (full 4):
 PSYoungGen      total 157184K, used 148608K [0x00000000f5580000, 0x00000000fff80000, 0x0000000100000000)
  eden space 140288K, 100% used [0x00000000f5580000,0x00000000fde80000,0x00000000fde80000)
  from space 16896K, 49% used [0x00000000fef00000,0x00000000ff720000,0x00000000fff80000)
  to   space 16896K, 0% used [0x00000000fde80000,0x00000000fde80000,0x00000000fef00000)
 ParOldGen       total 212992K, used 188028K [0x00000000e0000000, 0x00000000ed000000, 0x00000000f5580000)
  object space 212992K, 88% used [0x00000000e0000000,0x00000000eb79f2e0,0x00000000ed000000)
 Metaspace       used 104918K, capacity 112512K, committed 112716K, reserved 1146880K
  class space    used 13154K, capacity 14964K, committed 14976K, reserved 1048576K
Event: 13516.647 GC heap after
Heap after GC invocations=75 (full 4):
 PSYoungGen      total 157184K, used 8320K [0x00000000f5580000, 0x0000000100000000, 0x0000000100000000)
  eden space 140288K, 0% used [0x00000000f5580000,0x00000000f5580000,0x00000000fde80000)
  from space 16896K, 49% used [0x00000000fde80000,0x00000000fe6a0000,0x00000000fef00000)
  to   space 16896K, 0% used [0x00000000fef80000,0x00000000fef80000,0x0000000100000000)
 ParOldGen       total 212992K, used 196268K [0x00000000e0000000, 0x00000000ed000000, 0x00000000f5580000)
  object space 212992K, 92% used [0x00000000e0000000,0x00000000ebfab380,0x00000000ed000000)
 Metaspace       used 104918K, capacity 112512K, committed 112716K, reserved 1146880K
  class space    used 13154K, capacity 14964K, committed 14976K, reserved 1048576K
}
Event: 13519.273 GC heap before
{Heap before GC invocations=76 (full 4):
 PSYoungGen      total 157184K, used 148608K [0x00000000f5580000, 0x0000000100000000, 0x0000000100000000)
  eden space 140288K, 100% used [0x00000000f5580000,0x00000000fde80000,0x00000000fde80000)
  from space 16896K, 49% used [0x00000000fde80000,0x00000000fe6a0000,0x00000000fef00000)
  to   space 16896K, 0% used [0x00000000fef80000,0x00000000fef80000,0x0000000100000000)
 ParOldGen       total 212992K, used 196268K [0x00000000e0000000, 0x00000000ed000000, 0x00000000f5580000)
  object space 212992K, 92% used [0x00000000e0000000,0x00000000ebfab380,0x00000000ed000000)
 Metaspace       used 104988K, capacity 112572K, committed 112844K, reserved 1146880K
  class space    used 13163K, capacity 14978K, committed 15104K, reserved 1048576K
Event: 13519.283 GC heap after
Heap after GC invocations=76 (full 4):
 PSYoungGen      total 156672K, used 6784K [0x00000000f5580000, 0x00000000fff00000, 0x0000000100000000)
  eden space 140800K, 0% used [0x00000000f5580000,0x00000000f5580000,0x00000000fdf00000)
  from space 15872K, 42% used [0x00000000fef80000,0x00000000ff620000,0x00000000fff00000)
  to   space 16384K, 0% used [0x00000000fdf00000,0x00000000fdf00000,0x00000000fef00000)
 ParOldGen       total 212992K, used 199948K [0x00000000e0000000, 0x00000000ed000000, 0x00000000f5580000)
  object space 212992K, 93% used [0x00000000e0000000,0x00000000ec3433a0,0x00000000ed000000)
 Metaspace       used 104988K, capacity 112572K, committed 112844K, reserved 1146880K
  class space    used 13163K, capacity 14978K, committed 15104K, reserved 1048576K
}
Event: 13519.845 GC heap before
{Heap before GC invocations=77 (full 4):
 PSYoungGen      total 156672K, used 147584K [0x00000000f5580000, 0x00000000fff00000, 0x0000000100000000)
  eden space 140800K, 100% used [0x00000000f5580000,0x00000000fdf00000,0x00000000fdf00000)
  from space 15872K, 42% used [0x00000000fef80000,0x00000000ff620000,0x00000000fff00000)
  to   space 16384K, 0% used [0x00000000fdf00000,0x00000000fdf00000,0x00000000fef00000)
 ParOldGen       total 212992K, used 199948K [0x00000000e0000000, 0x00000000ed000000, 0x00000000f5580000)
  object space 212992K, 93% used [0x00000000e0000000,0x00000000ec3433a0,0x00000000ed000000)
 Metaspace       used 105002K, capacity 112572K, committed 112844K, reserved 1146880K
  class space    used 13163K, capacity 14978K, committed 15104K, reserved 1048576K
Event: 13519.859 GC heap after
Heap after GC invocations=77 (full 4):
 PSYoungGen      total 157184K, used 8736K [0x00000000f5580000, 0x0000000100000000, 0x0000000100000000)
  eden space 140800K, 0% used [0x00000000f5580000,0x00000000f5580000,0x00000000fdf00000)
  from space 16384K, 53% used [0x00000000fdf00000,0x00000000fe788000,0x00000000fef00000)
  to   space 16384K, 0% used [0x00000000ff000000,0x00000000ff000000,0x0000000100000000)
 ParOldGen       total 212992K, used 205756K [0x00000000e0000000, 0x00000000ed000000, 0x00000000f5580000)
  object space 212992K, 96% used [0x00000000e0000000,0x00000000ec8ef3c0,0x00000000ed000000)
 Metaspace       used 105002K, capacity 112572K, committed 112844K, reserved 1146880K
  class space    used 13163K, capacity 14978K, committed 15104K, reserved 1048576K
}
Event: 13519.859 GC heap before
{Heap before GC invocations=78 (full 5):
 PSYoungGen      total 157184K, used 8736K [0x00000000f5580000, 0x0000000100000000, 0x0000000100000000)
  eden space 140800K, 0% used [0x00000000f5580000,0x00000000f5580000,0x00000000fdf00000)
  from space 16384K, 53% used [0x00000000fdf00000,0x00000000fe788000,0x00000000fef00000)
  to   space 16384K, 0% used [0x00000000ff000000,0x00000000ff000000,0x0000000100000000)
 ParOldGen       total 212992K, used 205756K [0x00000000e0000000, 0x00000000ed000000, 0x00000000f5580000)
  object space 212992K, 96% used [0x00000000e0000000,0x00000000ec8ef3c0,0x00000000ed000000)
 Metaspace       used 105002K, capacity 112572K, committed 112844K, reserved 1146880K
  class space    used 13163K, capacity 14978K, committed 15104K, reserved 1048576K

Deoptimization events (10 events):
Event: 13516.044 Thread 0x000000000b01f000 Uncommon trap: reason=unstable_if action=reinterpret pc=0x00000000123828dc method=java.lang.String$CaseInsensitiveComparator.compare(Ljava/lang/String;Ljava/lang/String;)I @ 70
Event: 13516.044 Thread 0x000000000b01f000 Uncommon trap: reason=unstable_if action=reinterpret pc=0x00000000127e4b34 method=java.lang.String$CaseInsensitiveComparator.compare(Ljava/lang/String;Ljava/lang/String;)I @ 70
Event: 13516.823 Thread 0x000000000b01f000 Uncommon trap: reason=class_check action=maybe_recompile pc=0x000000001310c920 method=java.util.stream.ReferencePipeline.collect(Ljava/util/stream/Collector;)Ljava/lang/Object; @ 118
Event: 13516.823 Thread 0x000000000b01f000 Uncommon trap: reason=class_check action=maybe_recompile pc=0x000000001310c920 method=java.util.stream.ReferencePipeline.collect(Ljava/util/stream/Collector;)Ljava/lang/Object; @ 118
Event: 13516.824 Thread 0x000000000b01f000 Uncommon trap: reason=class_check action=maybe_recompile pc=0x000000001310f508 method=java.util.stream.StreamOpFlag.fromCharacteristics(Ljava/util/Spliterator;)I @ 14
Event: 13516.824 Thread 0x000000000b01f000 Uncommon trap: reason=class_check action=maybe_recompile pc=0x000000001310c920 method=java.util.stream.ReferencePipeline.collect(Ljava/util/stream/Collector;)Ljava/lang/Object; @ 118
Event: 13516.825 Thread 0x000000000b01f000 Uncommon trap: reason=class_check action=maybe_recompile pc=0x000000001310f508 method=java.util.stream.StreamOpFlag.fromCharacteristics(Ljava/util/Spliterator;)I @ 14
Event: 13516.825 Thread 0x000000000b01f000 Uncommon trap: reason=class_check action=maybe_recompile pc=0x000000001310c920 method=java.util.stream.ReferencePipeline.collect(Ljava/util/stream/Collector;)Ljava/lang/Object; @ 118
Event: 13516.825 Thread 0x000000000b01f000 Uncommon trap: reason=class_check action=maybe_recompile pc=0x000000001310f508 method=java.util.stream.StreamOpFlag.fromCharacteristics(Ljava/util/Spliterator;)I @ 14
Event: 13518.972 Thread 0x000000000b01f000 Uncommon trap: reason=unstable_if action=reinterpret pc=0x0000000011a68350 method=java.util.TimSort.countRunAndMakeAscending([Ljava/lang/Object;IILjava/util/Comparator;)I @ 27

Classes redefined (0 events):
No events

Internal exceptions (10 events):
Event: 13465.381 Thread 0x00000000080d8800 Exception <a 'java/lang/NoSuchMethodError': <clinit>> (0x00000000fa53b740) thrown at [D:\src\AOSP-openjdk-cygwin\jdk8u\hotspot\src\share\vm\prims\jni.cpp, line 1613]
Event: 13465.381 Thread 0x00000000080d8800 Exception <a 'java/lang/NoSuchMethodError': <clinit>> (0x00000000fa53f398) thrown at [D:\src\AOSP-openjdk-cygwin\jdk8u\hotspot\src\share\vm\prims\jni.cpp, line 1613]
Event: 13465.381 Thread 0x00000000080d8800 Exception <a 'java/lang/NoSuchMethodError': <clinit>> (0x00000000fa540ea0) thrown at [D:\src\AOSP-openjdk-cygwin\jdk8u\hotspot\src\share\vm\prims\jni.cpp, line 1613]
Event: 13465.442 Thread 0x00000000080d8800 Exception <a 'java/lang/ClassNotFoundException': sync_local_repo22696_7hhuvacsezfe8d8fwe2ymx5x4BeanInfo> (0x00000000fa6eeb28) thrown at [D:\src\AOSP-openjdk-cygwin\jdk8u\hotspot\src\share\vm\classfile\systemDictionary.cpp, line 210]
Event: 13465.443 Thread 0x00000000080d8800 Exception <a 'java/lang/ClassNotFoundException': sync_local_repo22696_7hhuvacsezfe8d8fwe2ymx5x4Customizer> (0x00000000fa6f9660) thrown at [D:\src\AOSP-openjdk-cygwin\jdk8u\hotspot\src\share\vm\classfile\systemDictionary.cpp, line 210]
Event: 13470.628 Thread 0x000000000b01f000 Implicit null exception at 0x000000001198f0e6 to 0x000000001198f689
Event: 13493.947 Thread 0x000000000b01f000 Exception <a 'sun/nio/fs/WindowsException'> (0x00000000f58f4d28) thrown at [D:\src\AOSP-openjdk-cygwin\jdk8u\hotspot\src\share\vm\prims\jni.cpp, line 709]
Event: 13495.098 Thread 0x000000000b01f000 Exception <a 'java/io/FileNotFoundException'> (0x00000000fa94d3f0) thrown at [D:\src\AOSP-openjdk-cygwin\jdk8u\hotspot\src\share\vm\prims\jni.cpp, line 709]
Event: 13514.648 Thread 0x000000000b01f000 Exception <a 'java/lang/NoSuchMethodError': <clinit>> (0x00000000fbc513a0) thrown at [D:\src\AOSP-openjdk-cygwin\jdk8u\hotspot\src\share\vm\prims\jni.cpp, line 1613]
Event: 13515.228 Thread 0x000000000b01f000 Exception <a 'java/lang/NoSuchMethodError': java.lang.Object.lambda$asRunnable$0(Lcom/android/apkzlib/utils/IOExceptionRunnable;)V> (0x00000000fc83dee8) thrown at [D:\src\AOSP-openjdk-cygwin\jdk8u\hotspot\src\share\vm\interpreter\linkResolver.cpp, line 58

Events (10 events):
Event: 13516.825 Thread 0x000000000b01f000 DEOPT UNPACKING pc=0x000000000f05556a sp=0x000000002a6dd4b0 mode 2
Event: 13516.825 Thread 0x000000000b01f000 Uncommon trap: trap_request=0xffffffde fr.pc=0x000000001310f508
Event: 13516.825 Thread 0x000000000b01f000 DEOPT PACKING pc=0x000000001310f508 sp=0x000000002a6dd220
Event: 13516.825 Thread 0x000000000b01f000 DEOPT UNPACKING pc=0x000000000f05556a sp=0x000000002a6dd1c0 mode 2
Event: 13518.972 Thread 0x000000000b01f000 Uncommon trap: trap_request=0xffffff65 fr.pc=0x0000000011a68350
Event: 13518.972 Thread 0x000000000b01f000 DEOPT PACKING pc=0x0000000011a68350 sp=0x000000002a6dd6d0
Event: 13518.972 Thread 0x000000000b01f000 DEOPT UNPACKING pc=0x000000000f05556a sp=0x000000002a6dd5d8 mode 2
Event: 13519.273 Executing VM operation: ParallelGCFailedAllocation
Event: 13519.283 Executing VM operation: ParallelGCFailedAllocation done
Event: 13519.845 Executing VM operation: ParallelGCFailedAllocation


Dynamic libraries:
0x000000013fab0000 - 0x000000013fae1000 	C:\Program Files\Android\Android Studio Preview\jre\bin\java.exe
0x0000000077990000 - 0x0000000077b3a000 	C:\Windows\SYSTEM32\ntdll.dll
0x0000000077770000 - 0x000000007788f000 	C:\Windows\system32\kernel32.dll
0x000007fefd970000 - 0x000007fefd9da000 	C:\Windows\system32\KERNELBASE.dll
0x000007fefeec0000 - 0x000007fefef9b000 	C:\Windows\system32\ADVAPI32.dll
0x000007fefe940000 - 0x000007fefe9df000 	C:\Windows\system32\msvcrt.dll
0x000007fefe920000 - 0x000007fefe93f000 	C:\Windows\SYSTEM32\sechost.dll
0x000007feff880000 - 0x000007feff9ad000 	C:\Windows\system32\RPCRT4.dll
0x0000000077890000 - 0x000000007798a000 	C:\Windows\system32\USER32.dll
0x000007feff7e0000 - 0x000007feff847000 	C:\Windows\system32\GDI32.dll
0x000007feff330000 - 0x000007feff33e000 	C:\Windows\system32\LPK.dll
0x000007feff710000 - 0x000007feff7db000 	C:\Windows\system32\USP10.dll
0x000007fefb7f0000 - 0x000007fefb9e4000 	C:\Windows\WinSxS\amd64_microsoft.windows.common-controls_6595b64144ccf1df_6.0.7601.18837_none_fa3b1e3d17594757\COMCTL32.dll
0x000007feff670000 - 0x000007feff6e1000 	C:\Windows\system32\SHLWAPI.dll
0x000007feff850000 - 0x000007feff87e000 	C:\Windows\system32\IMM32.DLL
0x000007feffb90000 - 0x000007feffc99000 	C:\Windows\system32\MSCTF.dll
0x000007fefd5b0000 - 0x000007fefd5e1000 	C:\Windows\system32\nvinitx.dll
0x000007fefd5a0000 - 0x000007fefd5ac000 	C:\Windows\system32\VERSION.dll
0x000000000f000000 - 0x000000000f006000 	C:\Program Files\NVIDIA Corporation\CoProcManager\detoured.dll
0x000007feedf70000 - 0x000007feedfa1000 	C:\Program Files\NVIDIA Corporation\CoProcManager\nvd3d9wrapx.dll
0x000007feff9b0000 - 0x000007feffb87000 	C:\Windows\system32\SETUPAPI.dll
0x000007fefd810000 - 0x000007fefd846000 	C:\Windows\system32\CFGMGR32.dll
0x000007fefda40000 - 0x000007fefdb1a000 	C:\Windows\system32\OLEAUT32.dll
0x000007fefefa0000 - 0x000007feff19c000 	C:\Windows\system32\ole32.dll
0x000007fefd860000 - 0x000007fefd87a000 	C:\Windows\system32\DEVOBJ.dll
0x000007feedf40000 - 0x000007feedf62000 	C:\Program Files\NVIDIA Corporation\CoProcManager\nvdxgiwrapx.dll
0x0000000069930000 - 0x0000000069a02000 	C:\Program Files\Android\Android Studio Preview\jre\jre\bin\msvcr100.dll
0x0000000050f30000 - 0x000000005176e000 	C:\Program Files\Android\Android Studio Preview\jre\jre\bin\server\jvm.dll
0x000007fef71c0000 - 0x000007fef71c9000 	C:\Windows\system32\WSOCK32.dll
0x000007fefea80000 - 0x000007fefeacd000 	C:\Windows\system32\WS2_32.dll
0x000007fefe8b0000 - 0x000007fefe8b8000 	C:\Windows\system32\NSI.dll
0x000007fefc030000 - 0x000007fefc06b000 	C:\Windows\system32\WINMM.dll
0x0000000077b50000 - 0x0000000077b57000 	C:\Windows\system32\PSAPI.DLL
0x000007fee5970000 - 0x000007fee597f000 	C:\Program Files\Android\Android Studio Preview\jre\jre\bin\verify.dll
0x000007fec6910000 - 0x000007fec6939000 	C:\Program Files\Android\Android Studio Preview\jre\jre\bin\java.dll
0x000007fec68f0000 - 0x000007fec6906000 	C:\Program Files\Android\Android Studio Preview\jre\jre\bin\zip.dll
0x000007fefdb20000 - 0x000007fefe8aa000 	C:\Windows\system32\SHELL32.dll
0x000007fefd680000 - 0x000007fefd68f000 	C:\Windows\system32\profapi.dll
0x000007fedcf00000 - 0x000007fedcf1a000 	C:\Program Files\Android\Android Studio Preview\jre\jre\bin\net.dll
0x000007fefce00000 - 0x000007fefce55000 	C:\Windows\system32\mswsock.dll
0x000007fefcdf0000 - 0x000007fefcdf7000 	C:\Windows\System32\wship6.dll
0x000007fec67f0000 - 0x000007fec6801000 	C:\Program Files\Android\Android Studio Preview\jre\jre\bin\nio.dll
0x000007fec6410000 - 0x000007fec642e000 	C:\Users\luana.martinez\.gradle\native\25\windows-amd64\native-platform.dll
0x000007feeb3b0000 - 0x000007feeb3bd000 	C:\Program Files\Android\Android Studio Preview\jre\jre\bin\management.dll
0x000007fefce60000 - 0x000007fefce78000 	C:\Windows\system32\CRYPTSP.dll
0x000007fefcb60000 - 0x000007fefcba7000 	C:\Windows\system32\rsaenh.dll
0x0000000000480000 - 0x000000000049e000 	C:\Windows\system32\USERENV.dll
0x000007fefd4d0000 - 0x000007fefd4df000 	C:\Windows\system32\CRYPTBASE.dll
0x000007fef9e80000 - 0x000007fef9ea7000 	C:\Windows\system32\IPHLPAPI.DLL
0x000007fef9e70000 - 0x000007fef9e7b000 	C:\Windows\system32\WINNSI.DLL
0x000007fef9d90000 - 0x000007fef9da1000 	C:\Windows\system32\dhcpcsvc6.DLL
0x000007fef9d70000 - 0x000007fef9d88000 	C:\Windows\system32\dhcpcsvc.DLL
0x0000000064940000 - 0x00000000649c7000 	C:\Users\luana.martinez\AppData\Local\Temp\aapt2_300109131342009762\libwinpthread-1.dll
0x0000000022900000 - 0x0000000026512000 	C:\Users\luana.martinez\AppData\Local\Temp\aapt2_300109131342009762\libaapt2_jni.dll
0x000007febafc0000 - 0x000007febafe4000 	C:\Program Files\Android\Android Studio Preview\jre\jre\bin\sunec.dll
0x000007fefc7b0000 - 0x000007fefc7b7000 	C:\Windows\System32\wshtcpip.dll
0x000007fefcc80000 - 0x000007fefccdb000 	C:\Windows\system32\DNSAPI.dll
0x000007fef9460000 - 0x000007fef9468000 	C:\Windows\system32\rasadhlp.dll
0x000007fef9cb0000 - 0x000007fef9d03000 	C:\Windows\System32\fwpuclnt.dll
0x000007fee52d0000 - 0x000007fee52db000 	C:\Program Files\Android\Android Studio Preview\jre\jre\bin\sunmscapi.dll
0x000007fefd6a0000 - 0x000007fefd80d000 	C:\Windows\system32\CRYPT32.dll
0x000007fefd690000 - 0x000007fefd69f000 	C:\Windows\system32\MSASN1.dll
0x0000000001d90000 - 0x0000000001e17000 	C:\Users\luana.martinez\AppData\Local\Temp\aapt2_4622175213599098475\libwinpthread-1.dll
0x000000002aec0000 - 0x000000002ead2000 	C:\Users\luana.martinez\AppData\Local\Temp\aapt2_4622175213599098475\libaapt2_jni.dll
0x000007fefa5e0000 - 0x000007fefa705000 	C:\Windows\system32\dbghelp.dll

VM Arguments:
jvm_args: -XX:MaxPermSize=512m -XX:+HeapDumpOnOutOfMemoryError -Xmx512m -Dfile.encoding=UTF-8 -Duser.country=BR -Duser.language=pt -Duser.variant 
java_command: org.gradle.launcher.daemon.bootstrap.GradleDaemon 4.1
java_class_path (initial): C:\Users\luana.martinez\.gradle\wrapper\dists\gradle-4.1-all\bzyivzo6n839fup2jbap0tjew\gradle-4.1\lib\gradle-launcher-4.1.jar
Launcher Type: SUN_STANDARD

Environment Variables:
JAVA_HOME=C:\Program Files\Java\jdk1.8.0_92
CLASSPATH=.;C:\Program Files\Java\jdk1.8.0_92\lib;C:\Program Files\Java\jdk1.8.0_92\lib\tools.jar;C:\Program Files\Java\jdk1.8.0_92\lib\dt.jar;C:\Program Files\Java\jdk1.8.0_92\lib\htmlconverter.jar;C:\Program Files\Java\jdk1.8.0_92\jre\lib;C:\Program Files\Java\jdk1.8.0_92\jre\lib\rt.jar
PATH=C:\ProgramData\Oracle\Java\javapath;C:\orant\bin;C:\Oracle\Middleware\Oracle_FRHome1\bin;C:\Program Files (x86)\Intel\iCLS Client\;C:\Program Files\Intel\iCLS Client\;C:\Windows\system32;C:\Windows;C:\Windows\System32\Wbem;C:\Windows\System32\WindowsPowerShell\v1.0\;C:\Program Files (x86)\Intel\OpenCL SDK\2.0\bin\x86;C:\Program Files (x86)\Intel\OpenCL SDK\2.0\bin\x64;C:\HashiCorp\Vagrant\bin;C:\Oracle\Middleware\Oracle_FRHome1\opmn\bin;C:\Oracle\Middleware\Oracle_FRHome1\opmn\lib;C:\Oracle\Middleware\Oracle_FRHome1\perl\bin;C:\orant\jdk\bin;C:\Program Files (x86)\Intel\Intel(R) Management Engine Components\DAL;C:\Program Files\Intel\Intel(R) Management Engine Components\DAL;C:\Program Files (x86)\Intel\Intel(R) Management Engine Components\IPT;C:\Program Files\Intel\Intel(R) Management Engine Components\IPT;C:\Program Files\Intel\WiFi\bin\;C:\Program Files\Common Files\Intel\WirelessCommon\;C:\Program Files (x86)\NVIDIA Corporation\PhysX\Common;C:\Program Files\Microsoft SQL Server\Client SDK\ODBC\110\Tools\Binn\;C:\Program Files (x86)\Microsoft SQL Server\120\Tools\Binn\;C:\Program Files\Microsoft SQL Server\120\Tools\Binn\;C:\Program Files\Microsoft SQL Server\120\DTS\Binn\;C:\Program Files (x86)\Microsoft SQL Server\120\Tools\Binn\ManagementStudio\;C:\Program Files (x86)\Microsoft SQL Server\120\DTS\Binn\;C:\Windows\system32\config\systemprofile\.dnx\bin;C:\Program Files\Microsoft DNX\Dnvm\;C:\Program Files\Microsoft SQL Server\130\Tools\Binn\;C:\Program Files (x86)\Skype\Phone\ ;C:\Program Files\Java\jdk1.8.0_92\bin;C:\Program Files (x86)\Skype\Phone\;C:\Program Files\Git\cmd;
USERNAME=luana.martinez
LD_LIBRARY_PATH=C:\Oracle\Middleware\Oracle_FRHome1\lib
OS=Windows_NT
PROCESSOR_IDENTIFIER=Intel64 Family 6 Model 78 Stepping 3, GenuineIntel



---------------  S Y S T E M  ---------------

OS: Windows 7 , 64 bit Build 7601 (6.1.7601.23889)

CPU:total 4 (initial active 4) (2 cores per cpu, 2 threads per core) family 6 model 78 stepping 3, cmov, cx8, fxsr, mmx, sse, sse2, sse3, ssse3, sse4.1, sse4.2, popcnt, avx, avx2, aes, clmul, erms, 3dnowpref, lzcnt, ht, tsc, tscinvbit, bmi1, bmi2, adx

Memory: 4k page, physical 16469368k(8258332k free), swap 32936876k(23005244k free)

vm_info: OpenJDK 64-Bit Server VM (25.152-b01) for windows-amd64 JRE (1.8.0_152-release-884-b01), built on Jun 14 2017 23:46:27 by "builder" with MS VC++ 10.0 (VS2010)

time: Thu Sep 14 13:41:12 2017
elapsed time: 13522 seconds (0d 3h 45m 22s)

